2026-04-09 15:39:25,502 [INFO] Account: Garden, Mollie (store 80008)
Fetching all fields...
2026-04-09 15:40:28,506 [INFO] Fetching DRS Version options for field 'win_drsversion' on 'account' entity...
2026-04-09 15:40:56,237 [INFO] Fetching DRS Version options for field 'win_drsversion' on 'account' entity...
2026-04-09 15:41:50,940 [INFO] Fetching DRS Version options for field 'win_drsversion1' on 'account' entity...
2026-04-09 15:42:27,269 [INFO] Graph API token acquired/refreshed.
2026-04-09 15:42:27,747 [INFO] SharePoint site ID: winmarkcorporation605.sharepoint.com,81debec3-de5e-4c0a-a2e4-a169accd7eff,0a7d98a5-36f6-4a7c-ba46-627aac1278ce
2026-04-09 15:42:28,293 [INFO] List 'Splunk DRS Update' ID: ecda4c02-0eba-4a80-907c-1863ef91991e
2026-04-09 15:42:59,030 [INFO] Graph API token acquired/refreshed.
2026-04-09 15:42:59,651 [INFO] SharePoint site ID: winmarkcorporation605.sharepoint.com,81debec3-de5e-4c0a-a2e4-a169accd7eff,0a7d98a5-36f6-4a7c-ba46-627aac1278ce
2026-04-09 15:43:00,213 [INFO] List 'Splunk DRS Update' ID: ecda4c02-0eba-4a80-907c-1863ef91991e
2026-04-09 15:43:00,810 [INFO] Found 1 pending item(s) to process.
2026-04-09 15:43:00,810 [INFO] Processing item 4: store=21023, DRS version='8.9.7'
2026-04-09 15:43:01,532 [INFO] Item 4 status updated to 'Processing'.
2026-04-09 15:43:01,548 [INFO] Found CRM account: Brininstool, Mike (ID: 5aa46db8-d581-e711-80d2-005056a746f2)
2026-04-09 15:43:01,548 [INFO] Fetching DRS Version option set from CRM field 'win_drsversion1'...
2026-04-09 15:43:01,586 [INFO] DRS Version options loaded: '8.9.7 general (322)' → 100000082, '8.9.6 general (321)' → 100000080, '8.9.5 general (308)' → 100000071, '8.9.4 general (306)' → 100000068, '8.9.3 general2 (304)' → 100000065, '8.9.3 general (303)' → 100000063, '8.9.2 preview1 (299)' → 100000058, '8.9.2 general (299)' → 100000059, '8.9.1 preview2 (297)' → 100000056, '8.9.1 preview1 (296)' → 100000055, '8.9.1 general (298)' → 100000057, '8.9 preview2 (295)' → 100000053, '8.9 preview1 (294)' → 100000052, '8.9 general (295)' → 100000054, '8.7.6 preview1 (288)' → 100000050, '8.7.6 general (288)' → 100000051, '8.7.5 preview2 (284)' → 100000048, '8.7.5 preview1 (283)' → 100000046, '8.7.5 general2 (284)' → 100000049, '8.7.5 general (283)' → 100000047, '8.7.4 preview2 (280)' → 100000044, '8.7.4 preview1 (279)' → 100000043, '8.7.4 general (280)' → 100000045, '8.7.3 preview2 (277)' → 100000042, '8.7.3 general (277)' → 100000041, '8.7.2 preview1 (274)' → 100000040, 'unused versions' → 100000024, '8.7 preview2 (267)' → 100000037, '8.7 preview1 (265)' → 100000038, '8.7 general (267)' → 100000039, '8.6 preview3 (260)' → 100000036, '8.6 preview2 (259)' → 100000034, '8.6 preview1 (258)' → 100000032, '8.6 general (260)' → 100000035, '8.5 preview5 (256)' → 100000030, '8.5 preview4 (255)' → 100000020, '8.5 preview3 (254)' → 100001045, '8.5 preview2 (253)' → 100000090, '8.5 preview1 (252)' → 100001020, '8.5 general3 (256)' → 100000025, '8.5 general2 (255)' → 100000023, '8.5 general (254)' → 100000578, '8.4 preview1 (250)' → 100000018, '8.3a preview (246.1)' → 100000010, '8.3a general (246.1)' → 100000013, '8.3 preview4 (246)' → 100000000, '8.3 preview3 (245)' → 100000033, '8.3 preview2 (243)' → 100000031, '8.3 preview2 (242)' → 100000029, '8.3 preview1 (239)' → 100000011, '8.3 general (246)' → 100000003, '8.2 preview2 (234)' → 100000005, '8.2 preview1 (233)' → 100000004, '8.2 general (234)' → 100000006, '8.1 preview3 (231)' → 100000002, '8.0 preview4 (221)' → 100000001, '7.3 preview2 (205)' → 100000028, '7.3 preview1 (199)' → 100000027, '7.2 preview7  (197)' → 100000026, '6.8g' → 100000007, '6.8f' → 100000008, '6.8e' → 100000009, '6.5d' → 100000019, '6.5c' → 100000017, '6.5b@hq' → 100000016, '6.5b' → 100000015, '6.5a' → 100000014, '6.5' → 100000012, 'rmsa' → 100000021, 'other' → 100000022, '8.9.3 preview1 (301)' → 100000060, '8.9.3 preview2 (302)' → 100000061, '8.9.3 preview3 (303)' → 100000062, '8.9.3 preview4 (304)' → 100000064, '8.9.4 preview1 (305)' → 100000066, '8.9.4 preview2 (306)' → 100000067, '8.9.5 preview1 (307)' → 100000069, '8.9.5 preview2 (308)' → 100000070, '8.9.6 preview1 (315)' → 100000072, '8.9.6 preview2 (316)' → 100000074, '8.9.6 preview3 (317)' → 100000075, '8.9.6 preview4 (318)' → 100000076, '9.0 preview1 (315a)' → 100000073, '8.9.6 preview5 (319)' → 100000077, '8.9.6 preview6 (320)' → 100000078, '8.9.6 preview7 (321)' → 100000079, '8.9.7 preview1 (322)' → 100000081
2026-04-09 15:43:01,618 [INFO] Multiple matches for '8.9.7'; selected general release: '8.9.7 general (322)'
2026-04-09 15:43:01,618 [INFO] Resolved DRS version '8.9.7' → code 100000082
2026-04-09 15:43:01,783 [INFO] Store 21023 (Brininstool, Mike): DRS Version updated to '8.9.7'.
2026-04-09 15:43:02,351 [INFO] Item 4 status updated to 'Processed'.
2026-04-09 15:43:02,352 [INFO] Done. Processed 1 DRS update(s).
2026-04-09 15:48:28,825 [INFO] Graph API token acquired/refreshed.
2026-04-09 15:48:29,301 [INFO] SharePoint site ID: winmarkcorporation605.sharepoint.com,81debec3-de5e-4c0a-a2e4-a169accd7eff,0a7d98a5-36f6-4a7c-ba46-627aac1278ce
2026-04-09 15:48:29,807 [INFO] List 'Splunk DRS Update' ID: ecda4c02-0eba-4a80-907c-1863ef91991e
2026-04-09 15:48:37,751 [INFO] Graph API token acquired/refreshed.
2026-04-09 15:48:38,288 [INFO] SharePoint site ID: winmarkcorporation605.sharepoint.com,81debec3-de5e-4c0a-a2e4-a169accd7eff,0a7d98a5-36f6-4a7c-ba46-627aac1278ce
2026-04-09 15:48:38,851 [INFO] List 'Splunk DRS Update' ID: ecda4c02-0eba-4a80-907c-1863ef91991e
2026-04-09 15:48:39,721 [INFO] Found 1 pending item(s) to process.
2026-04-09 15:48:39,722 [INFO] Processing item 5: store=21023, DRS version='8.9.7 GENERAL (322)'
2026-04-09 15:48:40,702 [INFO] Item 5 status updated to 'Processing'.
2026-04-09 15:48:40,719 [INFO] Found CRM account: Brininstool, Mike (ID: 5aa46db8-d581-e711-80d2-005056a746f2)
2026-04-09 15:48:40,720 [INFO] Fetching DRS Version option set from CRM field 'win_drsversion1'...
2026-04-09 15:48:40,763 [INFO] DRS Version options loaded: '8.9.7 general (322)' -> 100000082, '8.9.6 general (321)' -> 100000080, '8.9.5 general (308)' -> 100000071, '8.9.4 general (306)' -> 100000068, '8.9.3 general2 (304)' -> 100000065, '8.9.3 general (303)' -> 100000063, '8.9.2 preview1 (299)' -> 100000058, '8.9.2 general (299)' -> 100000059, '8.9.1 preview2 (297)' -> 100000056, '8.9.1 preview1 (296)' -> 100000055, '8.9.1 general (298)' -> 100000057, '8.9 preview2 (295)' -> 100000053, '8.9 preview1 (294)' -> 100000052, '8.9 general (295)' -> 100000054, '8.7.6 preview1 (288)' -> 100000050, '8.7.6 general (288)' -> 100000051, '8.7.5 preview2 (284)' -> 100000048, '8.7.5 preview1 (283)' -> 100000046, '8.7.5 general2 (284)' -> 100000049, '8.7.5 general (283)' -> 100000047, '8.7.4 preview2 (280)' -> 100000044, '8.7.4 preview1 (279)' -> 100000043, '8.7.4 general (280)' -> 100000045, '8.7.3 preview2 (277)' -> 100000042, '8.7.3 general (277)' -> 100000041, '8.7.2 preview1 (274)' -> 100000040, 'unused versions' -> 100000024, '8.7 preview2 (267)' -> 100000037, '8.7 preview1 (265)' -> 100000038, '8.7 general (267)' -> 100000039, '8.6 preview3 (260)' -> 100000036, '8.6 preview2 (259)' -> 100000034, '8.6 preview1 (258)' -> 100000032, '8.6 general (260)' -> 100000035, '8.5 preview5 (256)' -> 100000030, '8.5 preview4 (255)' -> 100000020, '8.5 preview3 (254)' -> 100001045, '8.5 preview2 (253)' -> 100000090, '8.5 preview1 (252)' -> 100001020, '8.5 general3 (256)' -> 100000025, '8.5 general2 (255)' -> 100000023, '8.5 general (254)' -> 100000578, '8.4 preview1 (250)' -> 100000018, '8.3a preview (246.1)' -> 100000010, '8.3a general (246.1)' -> 100000013, '8.3 preview4 (246)' -> 100000000, '8.3 preview3 (245)' -> 100000033, '8.3 preview2 (243)' -> 100000031, '8.3 preview2 (242)' -> 100000029, '8.3 preview1 (239)' -> 100000011, '8.3 general (246)' -> 100000003, '8.2 preview2 (234)' -> 100000005, '8.2 preview1 (233)' -> 100000004, '8.2 general (234)' -> 100000006, '8.1 preview3 (231)' -> 100000002, '8.0 preview4 (221)' -> 100000001, '7.3 preview2 (205)' -> 100000028, '7.3 preview1 (199)' -> 100000027, '7.2 preview7  (197)' -> 100000026, '6.8g' -> 100000007, '6.8f' -> 100000008, '6.8e' -> 100000009, '6.5d' -> 100000019, '6.5c' -> 100000017, '6.5b@hq' -> 100000016, '6.5b' -> 100000015, '6.5a' -> 100000014, '6.5' -> 100000012, 'rmsa' -> 100000021, 'other' -> 100000022, '8.9.3 preview1 (301)' -> 100000060, '8.9.3 preview2 (302)' -> 100000061, '8.9.3 preview3 (303)' -> 100000062, '8.9.3 preview4 (304)' -> 100000064, '8.9.4 preview1 (305)' -> 100000066, '8.9.4 preview2 (306)' -> 100000067, '8.9.5 preview1 (307)' -> 100000069, '8.9.5 preview2 (308)' -> 100000070, '8.9.6 preview1 (315)' -> 100000072, '8.9.6 preview2 (316)' -> 100000074, '8.9.6 preview3 (317)' -> 100000075, '8.9.6 preview4 (318)' -> 100000076, '9.0 preview1 (315a)' -> 100000073, '8.9.6 preview5 (319)' -> 100000077, '8.9.6 preview6 (320)' -> 100000078, '8.9.6 preview7 (321)' -> 100000079, '8.9.7 preview1 (322)' -> 100000081
2026-04-09 15:48:40,763 [INFO] Resolved DRS version '8.9.7 GENERAL (322)' -> code 100000082
2026-04-09 15:48:40,938 [INFO] Store 21023 (Brininstool, Mike): DRS Version updated to '8.9.7 GENERAL (322)'.
2026-04-09 15:48:41,754 [INFO] Item 5 status updated to 'Success'.
2026-04-09 15:48:41,756 [INFO] Done. Processed 1 DRS update(s).
2026-04-09 15:57:13,846 [INFO] ============================================================
2026-04-09 15:57:13,846 [INFO] Splunk DRS Update → CRM DRS Version Poller starting
2026-04-09 15:57:13,849 [INFO] Poll interval: 60s
2026-04-09 15:57:13,849 [INFO] SharePoint list: Splunk DRS Update
2026-04-09 15:57:13,849 [INFO] CRM DRS Version field: win_drsversion1
2026-04-09 15:57:13,849 [INFO] ============================================================
2026-04-09 15:57:15,618 [INFO] Graph API token acquired/refreshed.
2026-04-09 15:57:16,162 [INFO] SharePoint site ID: winmarkcorporation605.sharepoint.com,81debec3-de5e-4c0a-a2e4-a169accd7eff,0a7d98a5-36f6-4a7c-ba46-627aac1278ce
2026-04-09 15:57:16,662 [INFO] List 'Splunk DRS Update' ID: ecda4c02-0eba-4a80-907c-1863ef91991e
2026-04-09 15:57:16,666 [INFO] Fetching DRS Version option set from CRM field 'win_drsversion1'...
2026-04-09 15:57:16,719 [INFO] DRS Version options loaded: '8.9.7 general (322)' -> 100000082, '8.9.6 general (321)' -> 100000080, '8.9.5 general (308)' -> 100000071, '8.9.4 general (306)' -> 100000068, '8.9.3 general2 (304)' -> 100000065, '8.9.3 general (303)' -> 100000063, '8.9.2 preview1 (299)' -> 100000058, '8.9.2 general (299)' -> 100000059, '8.9.1 preview2 (297)' -> 100000056, '8.9.1 preview1 (296)' -> 100000055, '8.9.1 general (298)' -> 100000057, '8.9 preview2 (295)' -> 100000053, '8.9 preview1 (294)' -> 100000052, '8.9 general (295)' -> 100000054, '8.7.6 preview1 (288)' -> 100000050, '8.7.6 general (288)' -> 100000051, '8.7.5 preview2 (284)' -> 100000048, '8.7.5 preview1 (283)' -> 100000046, '8.7.5 general2 (284)' -> 100000049, '8.7.5 general (283)' -> 100000047, '8.7.4 preview2 (280)' -> 100000044, '8.7.4 preview1 (279)' -> 100000043, '8.7.4 general (280)' -> 100000045, '8.7.3 preview2 (277)' -> 100000042, '8.7.3 general (277)' -> 100000041, '8.7.2 preview1 (274)' -> 100000040, 'unused versions' -> 100000024, '8.7 preview2 (267)' -> 100000037, '8.7 preview1 (265)' -> 100000038, '8.7 general (267)' -> 100000039, '8.6 preview3 (260)' -> 100000036, '8.6 preview2 (259)' -> 100000034, '8.6 preview1 (258)' -> 100000032, '8.6 general (260)' -> 100000035, '8.5 preview5 (256)' -> 100000030, '8.5 preview4 (255)' -> 100000020, '8.5 preview3 (254)' -> 100001045, '8.5 preview2 (253)' -> 100000090, '8.5 preview1 (252)' -> 100001020, '8.5 general3 (256)' -> 100000025, '8.5 general2 (255)' -> 100000023, '8.5 general (254)' -> 100000578, '8.4 preview1 (250)' -> 100000018, '8.3a preview (246.1)' -> 100000010, '8.3a general (246.1)' -> 100000013, '8.3 preview4 (246)' -> 100000000, '8.3 preview3 (245)' -> 100000033, '8.3 preview2 (243)' -> 100000031, '8.3 preview2 (242)' -> 100000029, '8.3 preview1 (239)' -> 100000011, '8.3 general (246)' -> 100000003, '8.2 preview2 (234)' -> 100000005, '8.2 preview1 (233)' -> 100000004, '8.2 general (234)' -> 100000006, '8.1 preview3 (231)' -> 100000002, '8.0 preview4 (221)' -> 100000001, '7.3 preview2 (205)' -> 100000028, '7.3 preview1 (199)' -> 100000027, '7.2 preview7  (197)' -> 100000026, '6.8g' -> 100000007, '6.8f' -> 100000008, '6.8e' -> 100000009, '6.5d' -> 100000019, '6.5c' -> 100000017, '6.5b@hq' -> 100000016, '6.5b' -> 100000015, '6.5a' -> 100000014, '6.5' -> 100000012, 'rmsa' -> 100000021, 'other' -> 100000022, '8.9.3 preview1 (301)' -> 100000060, '8.9.3 preview2 (302)' -> 100000061, '8.9.3 preview3 (303)' -> 100000062, '8.9.3 preview4 (304)' -> 100000064, '8.9.4 preview1 (305)' -> 100000066, '8.9.4 preview2 (306)' -> 100000067, '8.9.5 preview1 (307)' -> 100000069, '8.9.5 preview2 (308)' -> 100000070, '8.9.6 preview1 (315)' -> 100000072, '8.9.6 preview2 (316)' -> 100000074, '8.9.6 preview3 (317)' -> 100000075, '8.9.6 preview4 (318)' -> 100000076, '9.0 preview1 (315a)' -> 100000073, '8.9.6 preview5 (319)' -> 100000077, '8.9.6 preview6 (320)' -> 100000078, '8.9.6 preview7 (321)' -> 100000079, '8.9.7 preview1 (322)' -> 100000081
2026-04-09 15:57:16,719 [INFO] Ready. Polling for pending items...

2026-04-09 15:58:17,926 [INFO] Found 1 pending item(s) to process.
2026-04-09 15:58:17,926 [INFO] Processing item 6: store=21023, DRS version='8.9.5 GENERAL (308)'
2026-04-09 15:58:18,491 [INFO] Item 6 status updated to 'Processing'.
2026-04-09 15:58:18,515 [INFO] Found CRM account: Brininstool, Mike (ID: 5aa46db8-d581-e711-80d2-005056a746f2)
2026-04-09 15:58:18,516 [INFO] Resolved DRS version '8.9.5 GENERAL (308)' -> code 100000071
2026-04-09 15:58:18,660 [INFO] Store 21023 (Brininstool, Mike): DRS Version updated to '8.9.5 GENERAL (308)'.
2026-04-09 15:58:19,215 [INFO] Item 6 status updated to 'Success'.
2026-04-09 15:58:19,216 [INFO] Processed 1 DRS update(s) this cycle.

2026-04-09 15:59:19,798 [INFO] Found 1 pending item(s) to process.
2026-04-09 15:59:19,798 [INFO] Processing item 7: store=21023, DRS version='8.9.7 GENERAL (322)'
2026-04-09 15:59:20,391 [INFO] Item 7 status updated to 'Processing'.
2026-04-09 15:59:20,411 [INFO] Found CRM account: Brininstool, Mike (ID: 5aa46db8-d581-e711-80d2-005056a746f2)
2026-04-09 15:59:20,411 [INFO] Resolved DRS version '8.9.7 GENERAL (322)' -> code 100000082
2026-04-09 15:59:20,554 [INFO] Store 21023 (Brininstool, Mike): DRS Version updated to '8.9.7 GENERAL (322)'.
2026-04-09 15:59:21,146 [INFO] Item 7 status updated to 'Success'.
2026-04-09 15:59:21,152 [INFO] Processed 1 DRS update(s) this cycle.

2026-04-09 16:27:39,113 [INFO] Re-authenticating CRM session...
2026-04-09 16:57:00,968 [INFO] Graph API token acquired/refreshed.
2026-04-09 16:58:01,486 [INFO] Re-authenticating CRM session...
2026-04-09 17:28:22,484 [INFO] Re-authenticating CRM session...
2026-04-09 17:56:42,533 [INFO] Graph API token acquired/refreshed.
2026-04-09 17:58:43,839 [INFO] Re-authenticating CRM session...
2026-04-09 18:29:04,559 [INFO] Re-authenticating CRM session...
2026-04-09 18:56:32,826 [INFO] Graph API token acquired/refreshed.
2026-04-09 18:59:34,817 [INFO] Re-authenticating CRM session...
2026-04-09 19:29:55,316 [INFO] Re-authenticating CRM session...
2026-04-09 19:56:13,983 [INFO] Graph API token acquired/refreshed.
2026-04-09 20:00:16,315 [INFO] Re-authenticating CRM session...
2026-04-09 20:30:37,032 [INFO] Re-authenticating CRM session...
2026-04-09 20:55:55,202 [INFO] Graph API token acquired/refreshed.
2026-04-09 21:00:58,574 [INFO] Re-authenticating CRM session...
2026-04-09 21:25:17,224 [INFO] Found 1 pending item(s) to process.
2026-04-09 21:25:17,226 [INFO] Processing item 8: store=80959, DRS version='8.9.7 GENERAL (322)'
2026-04-09 21:25:17,894 [INFO] Item 8 status updated to 'Processing'.
2026-04-09 21:25:18,339 [INFO] Found CRM account: Amaro, Jessica (ID: 7e23d7d4-3dcd-ef11-a5dd-005056ad6d42)
2026-04-09 21:25:18,339 [INFO] Resolved DRS version '8.9.7 GENERAL (322)' -> code 100000082
2026-04-09 21:25:18,621 [INFO] Store 80959 (Amaro, Jessica): DRS Version updated to '8.9.7 GENERAL (322)'.
2026-04-09 21:25:19,279 [INFO] Item 8 status updated to 'Success'.
2026-04-09 21:25:19,283 [INFO] Processed 1 DRS update(s) this cycle.

2026-04-09 21:31:22,541 [INFO] Re-authenticating CRM session...
2026-04-09 21:55:41,826 [INFO] Graph API token acquired/refreshed.
2026-04-09 22:01:46,063 [INFO] Re-authenticating CRM session...
2026-04-09 22:32:09,101 [INFO] Re-authenticating CRM session...
2026-04-09 22:55:27,680 [INFO] Graph API token acquired/refreshed.
2026-04-09 23:02:32,556 [INFO] Re-authenticating CRM session...
2026-04-09 23:32:54,763 [INFO] Re-authenticating CRM session...
2026-04-09 23:55:10,443 [INFO] Graph API token acquired/refreshed.
2026-04-10 00:03:15,493 [INFO] Re-authenticating CRM session...
2026-04-10 00:33:37,089 [INFO] Re-authenticating CRM session...
2026-04-10 00:54:54,168 [INFO] Graph API token acquired/refreshed.
2026-04-10 01:04:00,448 [INFO] Re-authenticating CRM session...
2026-04-10 01:34:22,242 [INFO] Re-authenticating CRM session...
2026-04-10 01:54:37,192 [INFO] Graph API token acquired/refreshed.
2026-04-10 02:04:43,867 [INFO] Re-authenticating CRM session...
2026-04-10 02:35:06,118 [INFO] Re-authenticating CRM session...
2026-04-10 02:54:21,417 [INFO] Graph API token acquired/refreshed.
2026-04-10 03:05:29,362 [INFO] Re-authenticating CRM session...
2026-04-10 03:35:52,605 [INFO] Re-authenticating CRM session...
2026-04-10 03:54:08,352 [INFO] Graph API token acquired/refreshed.
2026-04-10 04:06:16,867 [INFO] Re-authenticating CRM session...
2026-04-10 04:36:39,246 [INFO] Re-authenticating CRM session...
2026-04-10 04:53:52,738 [INFO] Graph API token acquired/refreshed.
2026-04-10 05:07:01,062 [INFO] Re-authenticating CRM session...
2026-04-10 05:37:24,565 [INFO] Re-authenticating CRM session...
2026-04-10 05:53:37,788 [INFO] Graph API token acquired/refreshed.
2026-04-10 06:07:47,287 [INFO] Re-authenticating CRM session...
2026-04-10 06:38:10,331 [INFO] Re-authenticating CRM session...
2026-04-10 06:53:23,156 [INFO] Graph API token acquired/refreshed.
2026-04-10 07:05:31,515 [INFO] Found 1 pending item(s) to process.
2026-04-10 07:05:31,515 [INFO] Processing item 9: store=20971, DRS version='8.9.7 GENERAL (322)'
2026-04-10 07:05:32,430 [INFO] Item 9 status updated to 'Processing'.
2026-04-10 07:05:32,938 [INFO] Found CRM account: Glauberman, Micah (ID: b4f25850-3312-e611-a855-005056a745ac)
2026-04-10 07:05:32,938 [INFO] Resolved DRS version '8.9.7 GENERAL (322)' -> code 100000082
2026-04-10 07:05:33,292 [INFO] Store 20971 (Glauberman, Micah): DRS Version updated to '8.9.7 GENERAL (322)'.
2026-04-10 07:05:33,922 [INFO] Item 9 status updated to 'Success'.
2026-04-10 07:05:33,927 [INFO] Processed 1 DRS update(s) this cycle.

2026-04-10 07:08:35,585 [INFO] Re-authenticating CRM session...
2026-04-10 07:10:39,217 [INFO] Found 1 pending item(s) to process.
2026-04-10 07:10:39,217 [INFO] Processing item 10: store=80299, DRS version='8.9.5 GENERAL (308)'
2026-04-10 07:10:40,109 [INFO] Item 10 status updated to 'Processing'.
2026-04-10 07:10:40,138 [INFO] Found CRM account: Deal, Bob (ID: 38d5f48b-84db-df11-a866-001e0bcbd7b4)
2026-04-10 07:10:40,138 [INFO] Resolved DRS version '8.9.5 GENERAL (308)' -> code 100000071
2026-04-10 07:10:40,290 [INFO] Store 80299 (Deal, Bob): DRS Version updated to '8.9.5 GENERAL (308)'.
2026-04-10 07:10:41,031 [INFO] Item 10 status updated to 'Success'.
2026-04-10 07:10:41,035 [INFO] Processed 1 DRS update(s) this cycle.

2026-04-10 07:18:46,927 [INFO] Found 1 pending item(s) to process.
2026-04-10 07:18:46,927 [INFO] Processing item 11: store=20065, DRS version='8.9.5 GENERAL (308)'
2026-04-10 07:18:47,549 [INFO] Item 11 status updated to 'Processing'.
2026-04-10 07:18:47,865 [INFO] Found CRM account: Dyer, Scott and Tara (ID: c7422dfd-83db-df11-a866-001e0bcbd7b4)
2026-04-10 07:18:47,865 [INFO] Resolved DRS version '8.9.5 GENERAL (308)' -> code 100000071
2026-04-10 07:18:48,013 [INFO] Store 20065 (Dyer, Scott and Tara): DRS Version updated to '8.9.5 GENERAL (308)'.
2026-04-10 07:18:48,714 [INFO] Item 11 status updated to 'Success'.
2026-04-10 07:18:48,718 [INFO] Processed 1 DRS update(s) this cycle.

2026-04-10 07:27:54,840 [INFO] Found 1 pending item(s) to process.
2026-04-10 07:27:54,840 [INFO] Processing item 12: store=20284, DRS version='8.9.5 GENERAL (308)'
2026-04-10 07:27:55,394 [INFO] Item 12 status updated to 'Processing'.
2026-04-10 07:27:55,737 [INFO] Found CRM account: Dyer, Scott and Tara (ID: 95fd2a06-84db-df11-a866-001e0bcbd7b4)
2026-04-10 07:27:55,737 [INFO] Resolved DRS version '8.9.5 GENERAL (308)' -> code 100000071
2026-04-10 07:27:55,878 [INFO] Store 20284 (Dyer, Scott and Tara): DRS Version updated to '8.9.5 GENERAL (308)'.
2026-04-10 07:27:56,461 [INFO] Item 12 status updated to 'Success'.
2026-04-10 07:27:56,465 [INFO] Processed 1 DRS update(s) this cycle.

2026-04-10 07:39:03,855 [INFO] Re-authenticating CRM session...
2026-04-10 07:48:13,317 [INFO] Found 1 pending item(s) to process.
2026-04-10 07:48:13,318 [INFO] Processing item 13: store=11317, DRS version='8.9.5 GENERAL (308)'
2026-04-10 07:48:13,879 [INFO] Item 13 status updated to 'Processing'.
2026-04-10 07:48:14,213 [INFO] Found CRM account: Paterson, Dave (ID: 241fe9c3-83db-df11-a866-001e0bcbd7b4)
2026-04-10 07:48:14,214 [INFO] Resolved DRS version '8.9.5 GENERAL (308)' -> code 100000071
2026-04-10 07:48:14,373 [INFO] Store 11317 (Paterson, Dave): DRS Version updated to '8.9.5 GENERAL (308)'.
2026-04-10 07:48:14,972 [INFO] Item 13 status updated to 'Success'.
2026-04-10 07:48:14,976 [INFO] Processed 1 DRS update(s) this cycle.

2026-04-10 07:53:18,615 [INFO] Graph API token acquired/refreshed.
2026-04-10 07:57:22,181 [INFO] Found 1 pending item(s) to process.
2026-04-10 07:57:22,182 [INFO] Processing item 14: store=20284, DRS version='8.9.7 GENERAL (322)'
2026-04-10 07:57:22,829 [INFO] Item 14 status updated to 'Processing'.
2026-04-10 07:57:23,151 [INFO] Found CRM account: Dyer, Scott and Tara (ID: 95fd2a06-84db-df11-a866-001e0bcbd7b4)
2026-04-10 07:57:23,151 [INFO] Resolved DRS version '8.9.7 GENERAL (322)' -> code 100000082
2026-04-10 07:57:23,288 [INFO] Store 20284 (Dyer, Scott and Tara): DRS Version updated to '8.9.7 GENERAL (322)'.
2026-04-10 07:57:23,958 [INFO] Item 14 status updated to 'Success'.
2026-04-10 07:57:23,961 [INFO] Processed 1 DRS update(s) this cycle.

2026-04-10 08:04:28,505 [INFO] Found 2 pending item(s) to process.
2026-04-10 08:04:28,505 [INFO] Processing item 15: store=20065, DRS version='8.9.7 GENERAL (322)'
2026-04-10 08:04:29,082 [INFO] Item 15 status updated to 'Processing'.
2026-04-10 08:04:29,387 [INFO] Found CRM account: Dyer, Scott and Tara (ID: c7422dfd-83db-df11-a866-001e0bcbd7b4)
2026-04-10 08:04:29,387 [INFO] Resolved DRS version '8.9.7 GENERAL (322)' -> code 100000082
2026-04-10 08:04:31,143 [INFO] Store 20065 (Dyer, Scott and Tara): DRS Version updated to '8.9.7 GENERAL (322)'.
2026-04-10 08:04:31,785 [INFO] Item 15 status updated to 'Success'.
2026-04-10 08:04:31,789 [INFO] Processing item 16: store=80299, DRS version='8.9.7 GENERAL (322)'
2026-04-10 08:04:32,361 [INFO] Item 16 status updated to 'Processing'.
2026-04-10 08:04:32,384 [INFO] Found CRM account: Deal, Bob (ID: 38d5f48b-84db-df11-a866-001e0bcbd7b4)
2026-04-10 08:04:32,385 [INFO] Resolved DRS version '8.9.7 GENERAL (322)' -> code 100000082
2026-04-10 08:04:32,555 [INFO] Store 80299 (Deal, Bob): DRS Version updated to '8.9.7 GENERAL (322)'.
2026-04-10 08:04:33,290 [INFO] Item 16 status updated to 'Success'.
2026-04-10 08:04:33,294 [INFO] Processed 2 DRS update(s) this cycle.

2026-04-10 08:09:35,548 [INFO] Re-authenticating CRM session...
2026-04-10 08:21:45,928 [INFO] Found 1 pending item(s) to process.
2026-04-10 08:21:45,930 [INFO] Processing item 17: store=11317, DRS version='8.9.7 GENERAL (322)'
2026-04-10 08:21:46,705 [INFO] Item 17 status updated to 'Processing'.
2026-04-10 08:21:47,059 [INFO] Found CRM account: Paterson, Dave (ID: 241fe9c3-83db-df11-a866-001e0bcbd7b4)
2026-04-10 08:21:47,059 [INFO] Resolved DRS version '8.9.7 GENERAL (322)' -> code 100000082
2026-04-10 08:21:47,643 [INFO] Store 11317 (Paterson, Dave): DRS Version updated to '8.9.7 GENERAL (322)'.
2026-04-10 08:21:48,484 [INFO] Item 17 status updated to 'Success'.
2026-04-10 08:21:48,489 [INFO] Processed 1 DRS update(s) this cycle.

2026-04-10 08:36:58,789 [INFO] Found 1 pending item(s) to process.
2026-04-10 08:36:58,789 [INFO] Processing item 18: store=11602, DRS version='8.9.5 GENERAL (308)'
2026-04-10 08:36:59,512 [INFO] Item 18 status updated to 'Processing'.
2026-04-10 08:36:59,862 [INFO] Found CRM account: Phillips, Bill (ID: 10fd9949-1ced-df11-a9ec-001e0bcbd7b4)
2026-04-10 08:36:59,862 [INFO] Resolved DRS version '8.9.5 GENERAL (308)' -> code 100000071
2026-04-10 08:37:00,053 [INFO] Store 11602 (Phillips, Bill): DRS Version updated to '8.9.5 GENERAL (308)'.
2026-04-10 08:37:00,782 [INFO] Item 18 status updated to 'Success'.
2026-04-10 08:37:00,783 [INFO] Processed 1 DRS update(s) this cycle.

2026-04-10 08:40:01,989 [INFO] Re-authenticating CRM session...
2026-04-10 08:42:05,477 [INFO] Found 1 pending item(s) to process.
2026-04-10 08:42:05,478 [INFO] Processing item 19: store=11773, DRS version='8.9.5 GENERAL (308)'
2026-04-10 08:42:06,058 [INFO] Item 19 status updated to 'Processing'.
2026-04-10 08:42:06,471 [INFO] Found CRM account: Paxman, Barry (ID: d4311fc9-736c-eb11-a500-005056ad6d42)
2026-04-10 08:42:06,471 [INFO] Resolved DRS version '8.9.5 GENERAL (308)' -> code 100000071
2026-04-10 08:42:06,608 [INFO] Store 11773 (Paxman, Barry): DRS Version updated to '8.9.5 GENERAL (308)'.
2026-04-10 08:42:07,420 [INFO] Item 19 status updated to 'Success'.
2026-04-10 08:42:07,422 [INFO] Processed 1 DRS update(s) this cycle.

2026-04-10 08:49:12,062 [INFO] Found 1 pending item(s) to process.
2026-04-10 08:49:12,062 [INFO] Processing item 20: store=11773, DRS version='8.9.5 GENERAL (308)'
2026-04-10 08:49:12,664 [INFO] Item 20 status updated to 'Processing'.
2026-04-10 08:49:13,055 [INFO] Found CRM account: Paxman, Barry (ID: d4311fc9-736c-eb11-a500-005056ad6d42)
2026-04-10 08:49:13,055 [INFO] Resolved DRS version '8.9.5 GENERAL (308)' -> code 100000071
2026-04-10 08:49:13,190 [INFO] Store 11773 (Paxman, Barry): DRS Version updated to '8.9.5 GENERAL (308)'.
2026-04-10 08:49:13,742 [INFO] Item 20 status updated to 'Success'.
2026-04-10 08:49:13,744 [INFO] Processed 1 DRS update(s) this cycle.

2026-04-10 08:53:16,559 [INFO] Graph API token acquired/refreshed.
2026-04-10 09:10:28,577 [INFO] Re-authenticating CRM session...
2026-04-10 09:38:51,246 [INFO] Found 1 pending item(s) to process.
2026-04-10 09:38:51,247 [INFO] Processing item 21: store=11602, DRS version='8.9.7 GENERAL (322)'
2026-04-10 09:38:52,091 [INFO] Item 21 status updated to 'Processing'.
2026-04-10 09:38:52,466 [INFO] Found CRM account: Phillips, Bill (ID: 10fd9949-1ced-df11-a9ec-001e0bcbd7b4)
2026-04-10 09:38:52,466 [INFO] Resolved DRS version '8.9.7 GENERAL (322)' -> code 100000082
2026-04-10 09:38:52,623 [INFO] Store 11602 (Phillips, Bill): DRS Version updated to '8.9.7 GENERAL (322)'.
2026-04-10 09:38:53,875 [INFO] Item 21 status updated to 'Success'.
2026-04-10 09:38:53,877 [INFO] Processed 1 DRS update(s) this cycle.

2026-04-10 09:40:54,722 [INFO] Re-authenticating CRM session...
2026-04-10 09:53:04,563 [INFO] Graph API token acquired/refreshed.
2026-04-10 10:11:18,161 [INFO] Re-authenticating CRM session...
2026-04-10 10:41:41,755 [INFO] Re-authenticating CRM session...
2026-04-10 10:52:51,199 [INFO] Graph API token acquired/refreshed.
2026-04-10 11:12:06,184 [INFO] Re-authenticating CRM session...
2026-04-10 11:42:29,016 [INFO] Re-authenticating CRM session...
2026-04-10 11:52:38,413 [INFO] Graph API token acquired/refreshed.
2026-04-10 12:12:52,343 [INFO] Re-authenticating CRM session...
2026-04-10 12:43:14,075 [INFO] Re-authenticating CRM session...
2026-04-10 12:52:22,024 [INFO] Graph API token acquired/refreshed.
2026-04-10 13:13:37,161 [INFO] Re-authenticating CRM session...
2026-04-10 13:43:58,551 [INFO] Re-authenticating CRM session...
2026-04-10 13:52:07,276 [INFO] Graph API token acquired/refreshed.
2026-04-10 14:14:24,058 [INFO] Re-authenticating CRM session...
2026-04-10 14:44:45,267 [INFO] Re-authenticating CRM session...
2026-04-10 14:51:52,088 [INFO] Graph API token acquired/refreshed.
2026-04-10 15:15:06,729 [INFO] Re-authenticating CRM session...
2026-04-10 15:45:29,007 [INFO] Re-authenticating CRM session...
2026-04-10 15:51:34,543 [INFO] Graph API token acquired/refreshed.
2026-04-10 16:15:52,341 [INFO] Re-authenticating CRM session...
2026-04-10 16:46:14,825 [INFO] Re-authenticating CRM session...
2026-04-10 16:51:20,107 [INFO] Graph API token acquired/refreshed.
2026-04-10 17:16:37,402 [INFO] Re-authenticating CRM session...
2026-04-10 17:47:00,591 [INFO] Re-authenticating CRM session...
2026-04-10 17:51:05,583 [INFO] Graph API token acquired/refreshed.
2026-04-10 18:17:24,252 [INFO] Re-authenticating CRM session...
2026-04-10 18:47:50,599 [INFO] Re-authenticating CRM session...
2026-04-10 18:50:54,960 [INFO] Graph API token acquired/refreshed.
2026-04-10 19:18:15,054 [INFO] Re-authenticating CRM session...
2026-04-10 19:48:37,926 [INFO] Re-authenticating CRM session...
2026-04-10 19:50:41,164 [INFO] Graph API token acquired/refreshed.
2026-04-10 20:19:00,104 [INFO] Re-authenticating CRM session...
2026-04-10 20:49:22,024 [INFO] Re-authenticating CRM session...
2026-04-10 20:50:24,381 [INFO] Graph API token acquired/refreshed.
2026-04-10 21:19:45,736 [INFO] Re-authenticating CRM session...
2026-04-10 21:50:07,755 [INFO] Re-authenticating CRM session...
2026-04-10 21:50:09,953 [INFO] Graph API token acquired/refreshed.
2026-04-10 21:57:15,617 [INFO] Found 1 pending item(s) to process.
2026-04-10 21:57:15,618 [INFO] Processing item 22: store=60003, DRS version='8.9.7 GENERAL (322)'
2026-04-10 21:57:16,319 [INFO] Item 22 status updated to 'Processing'.
2026-04-10 21:57:16,837 [INFO] Found CRM account: Irizarry, Wendy (ID: 5c7f2fa8-fcbe-e211-b6e5-001e0bcbd7b4)
2026-04-10 21:57:16,837 [INFO] Resolved DRS version '8.9.7 GENERAL (322)' -> code 100000082
2026-04-10 21:57:17,017 [INFO] Store 60003 (Irizarry, Wendy): DRS Version updated to '8.9.7 GENERAL (322)'.
2026-04-10 21:57:17,686 [INFO] Item 22 status updated to 'Success'.
2026-04-10 21:57:17,690 [INFO] Processed 1 DRS update(s) this cycle.

2026-04-10 22:20:33,468 [INFO] Re-authenticating CRM session...
2026-04-10 22:49:56,451 [INFO] Graph API token acquired/refreshed.
2026-04-10 22:50:57,134 [INFO] Re-authenticating CRM session...
2026-04-10 23:21:19,790 [INFO] Re-authenticating CRM session...
2026-04-10 23:49:40,774 [INFO] Graph API token acquired/refreshed.
2026-04-10 23:51:42,091 [INFO] Re-authenticating CRM session...
2026-04-11 00:22:05,060 [INFO] Re-authenticating CRM session...
2026-04-11 00:49:26,114 [INFO] Graph API token acquired/refreshed.
2026-04-11 00:52:28,202 [INFO] Re-authenticating CRM session...
2026-04-11 01:22:49,439 [INFO] Re-authenticating CRM session...
2026-04-11 01:49:09,647 [INFO] Graph API token acquired/refreshed.
2026-04-11 01:53:12,393 [INFO] Re-authenticating CRM session...
2026-04-11 02:23:35,186 [INFO] Re-authenticating CRM session...
2026-04-11 02:48:53,878 [INFO] Graph API token acquired/refreshed.
2026-04-11 02:53:57,082 [INFO] Re-authenticating CRM session...
2026-04-11 03:24:19,173 [INFO] Re-authenticating CRM session...
2026-04-11 03:48:37,695 [INFO] Graph API token acquired/refreshed.
2026-04-11 03:54:41,230 [INFO] Re-authenticating CRM session...
2026-04-11 04:25:03,502 [INFO] Re-authenticating CRM session...
2026-04-11 04:48:21,819 [INFO] Graph API token acquired/refreshed.
2026-04-11 04:55:26,966 [INFO] Re-authenticating CRM session...
2026-04-11 05:25:49,259 [INFO] Re-authenticating CRM session...
2026-04-11 05:48:05,822 [INFO] Graph API token acquired/refreshed.
2026-04-11 05:56:11,130 [INFO] Re-authenticating CRM session...
2026-04-11 06:26:34,413 [INFO] Re-authenticating CRM session...
2026-04-11 06:47:52,354 [INFO] Graph API token acquired/refreshed.
2026-04-11 06:56:59,161 [INFO] Re-authenticating CRM session...
2026-04-11 07:27:20,157 [INFO] Re-authenticating CRM session...
2026-04-11 07:47:36,651 [INFO] Graph API token acquired/refreshed.
2026-04-11 07:57:43,551 [INFO] Re-authenticating CRM session...
2026-04-11 08:28:05,169 [INFO] Re-authenticating CRM session...
2026-04-11 08:47:19,926 [INFO] Graph API token acquired/refreshed.
2026-04-11 08:58:26,597 [INFO] Re-authenticating CRM session...
2026-04-11 09:28:49,304 [INFO] Re-authenticating CRM session...
2026-04-11 09:47:03,133 [INFO] Graph API token acquired/refreshed.
2026-04-11 09:59:10,973 [INFO] Re-authenticating CRM session...
2026-04-11 10:29:32,383 [INFO] Re-authenticating CRM session...
2026-04-11 10:46:46,746 [INFO] Graph API token acquired/refreshed.
2026-04-11 10:59:55,415 [INFO] Re-authenticating CRM session...
2026-04-11 11:30:16,519 [INFO] Re-authenticating CRM session...
2026-04-11 11:46:28,702 [INFO] Graph API token acquired/refreshed.
2026-04-11 12:00:38,564 [INFO] Re-authenticating CRM session...
2026-04-11 12:31:00,447 [INFO] Re-authenticating CRM session...
2026-04-11 12:46:13,553 [INFO] Graph API token acquired/refreshed.
2026-04-11 13:01:23,176 [INFO] Re-authenticating CRM session...
2026-04-11 13:31:45,021 [INFO] Re-authenticating CRM session...
2026-04-11 13:45:56,438 [INFO] Graph API token acquired/refreshed.
2026-04-11 14:02:07,804 [INFO] Re-authenticating CRM session...
2026-04-11 14:32:30,945 [INFO] Re-authenticating CRM session...
2026-04-11 14:45:42,571 [INFO] Graph API token acquired/refreshed.
2026-04-11 15:02:54,707 [INFO] Re-authenticating CRM session...
2026-04-11 15:33:17,180 [INFO] Re-authenticating CRM session...
2026-04-11 15:45:27,679 [INFO] Graph API token acquired/refreshed.
2026-04-11 16:03:41,902 [INFO] Re-authenticating CRM session...
2026-04-11 16:34:03,671 [INFO] Re-authenticating CRM session...
2026-04-11 16:45:13,844 [INFO] Graph API token acquired/refreshed.
2026-04-11 17:04:27,329 [INFO] Re-authenticating CRM session...
2026-04-11 17:34:49,925 [INFO] Re-authenticating CRM session...
2026-04-11 17:44:58,365 [INFO] Graph API token acquired/refreshed.
2026-04-11 18:05:12,571 [INFO] Re-authenticating CRM session...
2026-04-11 18:35:36,670 [INFO] Re-authenticating CRM session...
2026-04-11 18:44:44,901 [INFO] Graph API token acquired/refreshed.
2026-04-11 19:05:59,873 [INFO] Re-authenticating CRM session...
2026-04-11 19:36:22,405 [INFO] Re-authenticating CRM session...
2026-04-11 19:44:29,526 [INFO] Graph API token acquired/refreshed.
2026-04-11 20:06:44,480 [INFO] Re-authenticating CRM session...
2026-04-11 20:37:06,685 [INFO] Re-authenticating CRM session...
2026-04-11 20:44:13,420 [INFO] Graph API token acquired/refreshed.
2026-04-11 21:07:30,011 [INFO] Re-authenticating CRM session...
2026-04-11 21:37:52,731 [INFO] Re-authenticating CRM session...
2026-04-11 21:43:58,691 [INFO] Graph API token acquired/refreshed.
2026-04-11 22:08:14,258 [INFO] Re-authenticating CRM session...
2026-04-11 22:38:37,851 [INFO] Re-authenticating CRM session...
2026-04-11 22:43:42,649 [INFO] Graph API token acquired/refreshed.
2026-04-11 23:09:00,996 [INFO] Re-authenticating CRM session...
2026-04-11 23:39:22,854 [INFO] Re-authenticating CRM session...
2026-04-11 23:43:28,006 [INFO] Graph API token acquired/refreshed.
2026-04-12 00:09:46,593 [INFO] Re-authenticating CRM session...
2026-04-12 00:40:10,108 [INFO] Re-authenticating CRM session...
2026-04-12 00:43:14,702 [INFO] Graph API token acquired/refreshed.
2026-04-12 01:10:33,437 [INFO] Re-authenticating CRM session...
2026-04-12 01:40:56,474 [INFO] Re-authenticating CRM session...
2026-04-12 01:42:59,560 [INFO] Graph API token acquired/refreshed.
2026-04-12 02:11:19,494 [INFO] Re-authenticating CRM session...
2026-04-12 02:41:42,542 [INFO] Re-authenticating CRM session...
2026-04-12 02:42:45,075 [INFO] Graph API token acquired/refreshed.
2026-04-12 03:12:04,034 [INFO] Re-authenticating CRM session...
2026-04-12 03:42:25,199 [INFO] Re-authenticating CRM session...
2026-04-12 03:42:26,947 [INFO] Graph API token acquired/refreshed.
2026-04-12 04:12:49,283 [INFO] Re-authenticating CRM session...
2026-04-12 04:42:11,210 [INFO] Graph API token acquired/refreshed.
2026-04-12 04:43:11,864 [INFO] Re-authenticating CRM session...
2026-04-12 05:13:34,556 [INFO] Re-authenticating CRM session...
2026-04-12 05:41:57,080 [INFO] Graph API token acquired/refreshed.
2026-04-12 05:43:58,364 [INFO] Re-authenticating CRM session...
2026-04-12 06:14:21,653 [INFO] Re-authenticating CRM session...
2026-04-12 06:41:44,029 [INFO] Graph API token acquired/refreshed.
2026-04-12 06:44:46,223 [INFO] Re-authenticating CRM session...
2026-04-12 07:15:09,119 [INFO] Re-authenticating CRM session...
2026-04-12 07:41:30,625 [INFO] Graph API token acquired/refreshed.
2026-04-12 07:45:33,546 [INFO] Re-authenticating CRM session...
2026-04-12 08:15:55,661 [INFO] Re-authenticating CRM session...
2026-04-12 08:41:15,282 [INFO] Graph API token acquired/refreshed.
2026-04-12 08:46:18,841 [INFO] Re-authenticating CRM session...
2026-04-12 09:16:41,534 [INFO] Re-authenticating CRM session...
2026-04-12 09:41:02,838 [INFO] Graph API token acquired/refreshed.
2026-04-12 09:47:07,350 [INFO] Re-authenticating CRM session...
2026-04-12 10:17:30,993 [INFO] Re-authenticating CRM session...
2026-04-12 10:40:48,955 [INFO] Graph API token acquired/refreshed.
2026-04-12 10:47:54,096 [INFO] Re-authenticating CRM session...
2026-04-12 11:18:15,766 [INFO] Re-authenticating CRM session...
2026-04-12 11:40:32,686 [INFO] Graph API token acquired/refreshed.
2026-04-12 11:48:37,652 [INFO] Re-authenticating CRM session...
2026-04-12 12:18:59,982 [INFO] Re-authenticating CRM session...
2026-04-12 12:40:16,168 [INFO] Graph API token acquired/refreshed.
2026-04-12 12:49:21,849 [INFO] Re-authenticating CRM session...
2026-04-12 13:19:43,775 [INFO] Re-authenticating CRM session...
2026-04-12 13:39:59,033 [INFO] Graph API token acquired/refreshed.
2026-04-12 13:50:05,430 [INFO] Re-authenticating CRM session...
2026-04-12 14:20:28,138 [INFO] Re-authenticating CRM session...
2026-04-12 14:39:43,087 [INFO] Graph API token acquired/refreshed.
2026-04-12 14:50:50,900 [INFO] Re-authenticating CRM session...
2026-04-12 15:21:12,672 [INFO] Re-authenticating CRM session...
2026-04-12 15:39:27,263 [INFO] Graph API token acquired/refreshed.
2026-04-12 15:51:36,122 [INFO] Re-authenticating CRM session...
2026-04-12 16:21:58,891 [INFO] Re-authenticating CRM session...
2026-04-12 16:39:12,398 [INFO] Graph API token acquired/refreshed.
2026-04-12 16:52:21,400 [INFO] Re-authenticating CRM session...
2026-04-12 17:22:44,226 [INFO] Re-authenticating CRM session...
2026-04-12 17:38:56,654 [INFO] Graph API token acquired/refreshed.
2026-04-12 17:53:05,418 [INFO] Re-authenticating CRM session...
2026-04-12 18:23:27,513 [INFO] Re-authenticating CRM session...
2026-04-12 18:38:39,491 [INFO] Graph API token acquired/refreshed.
2026-04-12 18:53:50,131 [INFO] Re-authenticating CRM session...
2026-04-12 19:24:12,012 [INFO] Re-authenticating CRM session...
2026-04-12 19:38:23,821 [INFO] Graph API token acquired/refreshed.
2026-04-12 19:54:34,413 [INFO] Re-authenticating CRM session...
2026-04-12 20:24:57,839 [INFO] Re-authenticating CRM session...
2026-04-12 20:38:08,345 [INFO] Graph API token acquired/refreshed.
2026-04-12 20:55:20,636 [INFO] Re-authenticating CRM session...
2026-04-12 21:25:44,207 [INFO] Re-authenticating CRM session...
2026-04-12 21:37:54,569 [INFO] Graph API token acquired/refreshed.
2026-04-12 21:56:06,553 [INFO] Re-authenticating CRM session...
2026-04-12 22:26:28,876 [INFO] Re-authenticating CRM session...
2026-04-12 22:37:37,898 [INFO] Graph API token acquired/refreshed.
2026-04-12 22:56:51,187 [INFO] Re-authenticating CRM session...
2026-04-12 23:27:13,578 [INFO] Re-authenticating CRM session...
2026-04-12 23:37:21,758 [INFO] Graph API token acquired/refreshed.
2026-04-12 23:57:34,940 [INFO] Re-authenticating CRM session...
2026-04-13 00:27:58,191 [INFO] Re-authenticating CRM session...
2026-04-13 00:37:06,557 [INFO] Graph API token acquired/refreshed.
2026-04-13 00:58:20,759 [INFO] Re-authenticating CRM session...
2026-04-13 01:28:42,385 [INFO] Re-authenticating CRM session...
2026-04-13 01:36:49,667 [INFO] Graph API token acquired/refreshed.
2026-04-13 01:59:04,503 [INFO] Re-authenticating CRM session...
2026-04-13 02:29:26,031 [INFO] Re-authenticating CRM session...
2026-04-13 02:36:32,756 [INFO] Graph API token acquired/refreshed.
2026-04-13 02:59:49,249 [INFO] Re-authenticating CRM session...
2026-04-13 03:30:10,895 [INFO] Re-authenticating CRM session...
2026-04-13 03:36:16,793 [INFO] Graph API token acquired/refreshed.
2026-04-13 04:00:35,133 [INFO] Re-authenticating CRM session...
2026-04-13 04:30:57,668 [INFO] Re-authenticating CRM session...
2026-04-13 04:36:02,687 [INFO] Graph API token acquired/refreshed.
2026-04-13 05:01:21,164 [INFO] Re-authenticating CRM session...
2026-04-13 05:31:42,838 [INFO] Re-authenticating CRM session...
2026-04-13 05:35:47,259 [INFO] Graph API token acquired/refreshed.
2026-04-13 06:02:05,916 [INFO] Re-authenticating CRM session...
2026-04-13 06:32:29,700 [INFO] Re-authenticating CRM session...
2026-04-13 06:35:33,618 [INFO] Graph API token acquired/refreshed.
2026-04-13 07:02:52,927 [INFO] Re-authenticating CRM session...
2026-04-13 07:33:16,384 [INFO] Re-authenticating CRM session...
2026-04-13 07:35:19,792 [INFO] Graph API token acquired/refreshed.
2026-04-13 07:40:24,452 [INFO] Found 1 pending item(s) to process.
2026-04-13 07:40:24,454 [INFO] Processing item 23: store=20978, DRS version='8.9.7 GENERAL (322)'
2026-04-13 07:40:25,170 [INFO] Item 23 status updated to 'Processing'.
2026-04-13 07:40:25,778 [INFO] Found CRM account: Byers, Heidi & Hines, Peggie & Todd (ID: 918bd45b-9d3f-e611-a3ce-005056a745ac)
2026-04-13 07:40:25,778 [INFO] Resolved DRS version '8.9.7 GENERAL (322)' -> code 100000082
2026-04-13 07:40:26,198 [INFO] Store 20978 (Byers, Heidi & Hines, Peggie & Todd): DRS Version updated to '8.9.7 GENERAL (322)'.
2026-04-13 07:40:27,044 [INFO] Item 23 status updated to 'Success'.
2026-04-13 07:40:27,050 [INFO] Processed 1 DRS update(s) this cycle.

2026-04-13 08:03:43,564 [INFO] Re-authenticating CRM session...
2026-04-13 08:08:49,198 [INFO] Found 1 pending item(s) to process.
2026-04-13 08:08:49,198 [INFO] Processing item 24: store=60084, DRS version='8.9.7 GENERAL (322)'
2026-04-13 08:08:50,090 [INFO] Item 24 status updated to 'Processing'.
2026-04-13 08:08:50,557 [INFO] Found CRM account: Longshore, Stephanie (ID: 1f6bbe35-214d-e611-80c0-005056a76ff2)
2026-04-13 08:08:50,557 [INFO] Resolved DRS version '8.9.7 GENERAL (322)' -> code 100000082
2026-04-13 08:08:50,734 [INFO] Store 60084 (Longshore, Stephanie): DRS Version updated to '8.9.7 GENERAL (322)'.
2026-04-13 08:08:51,289 [INFO] Item 24 status updated to 'Success'.
2026-04-13 08:08:51,293 [INFO] Processed 1 DRS update(s) this cycle.

2026-04-13 08:21:00,165 [INFO] Found 1 pending item(s) to process.
2026-04-13 08:21:00,165 [INFO] Processing item 25: store=60027, DRS version='8.9.7 GENERAL (322)'
2026-04-13 08:21:00,721 [INFO] Item 25 status updated to 'Processing'.
2026-04-13 08:21:01,087 [INFO] Found CRM account: Fitzer, Jackie & Mikki (ID: a4432c7f-8e36-e311-9504-001e0bcbd7b4)
2026-04-13 08:21:01,087 [INFO] Resolved DRS version '8.9.7 GENERAL (322)' -> code 100000082
2026-04-13 08:21:01,238 [INFO] Store 60027 (Fitzer, Jackie & Mikki): DRS Version updated to '8.9.7 GENERAL (322)'.
2026-04-13 08:21:01,820 [INFO] Item 25 status updated to 'Success'.
2026-04-13 08:21:01,824 [INFO] Processed 1 DRS update(s) this cycle.

2026-04-13 08:32:10,178 [INFO] Found 1 pending item(s) to process.
2026-04-13 08:32:10,179 [INFO] Processing item 26: store=10743, DRS version='8.9.7 GENERAL (322)'
2026-04-13 08:32:10,804 [INFO] Item 26 status updated to 'Processing'.
2026-04-13 08:32:11,216 [INFO] Found CRM account: Crook, Jay (ID: ba1ee9c3-83db-df11-a866-001e0bcbd7b4)
2026-04-13 08:32:11,216 [INFO] Resolved DRS version '8.9.7 GENERAL (322)' -> code 100000082
2026-04-13 08:32:11,357 [INFO] Store 10743 (Crook, Jay): DRS Version updated to '8.9.7 GENERAL (322)'.
2026-04-13 08:32:11,897 [INFO] Item 26 status updated to 'Success'.
2026-04-13 08:32:11,901 [INFO] Processed 1 DRS update(s) this cycle.

2026-04-13 08:34:12,800 [INFO] Re-authenticating CRM session...
2026-04-13 08:35:15,421 [INFO] Graph API token acquired/refreshed.
2026-04-13 09:04:35,943 [INFO] Re-authenticating CRM session...
2026-04-13 09:35:00,352 [INFO] Re-authenticating CRM session...
2026-04-13 09:35:02,281 [INFO] Graph API token acquired/refreshed.
2026-04-13 09:58:21,711 [INFO] Found 1 pending item(s) to process.
2026-04-13 09:58:21,712 [INFO] Processing item 27: store=11913, DRS version='8.9.5 GENERAL (308)'
2026-04-13 09:58:22,519 [INFO] Item 27 status updated to 'Processing'.
2026-04-13 09:58:23,168 [INFO] Found CRM account: Fox, Noam (ID: 768092e4-fc16-f011-a5e4-005056ad6d42)
2026-04-13 09:58:23,168 [INFO] Resolved DRS version '8.9.5 GENERAL (308)' -> code 100000071
2026-04-13 09:58:23,324 [INFO] Store 11913 (Fox, Noam): DRS Version updated to '8.9.5 GENERAL (308)'.
2026-04-13 09:58:24,174 [INFO] Item 27 status updated to 'Success'.
2026-04-13 09:58:24,178 [INFO] Processed 1 DRS update(s) this cycle.

2026-04-13 10:05:29,736 [INFO] Re-authenticating CRM session...
2026-04-13 10:29:55,333 [INFO] Found 1 pending item(s) to process.
2026-04-13 10:29:55,334 [INFO] Processing item 28: store=11913, DRS version='8.9.7 GENERAL (322)'
2026-04-13 10:29:56,422 [INFO] Item 28 status updated to 'Processing'.
2026-04-13 10:29:56,993 [INFO] Found CRM account: Fox, Noam (ID: 768092e4-fc16-f011-a5e4-005056ad6d42)
2026-04-13 10:29:56,993 [INFO] Resolved DRS version '8.9.7 GENERAL (322)' -> code 100000082
2026-04-13 10:29:57,191 [INFO] Store 11913 (Fox, Noam): DRS Version updated to '8.9.7 GENERAL (322)'.
2026-04-13 10:29:57,920 [INFO] Item 28 status updated to 'Success'.
2026-04-13 10:29:57,924 [INFO] Processed 1 DRS update(s) this cycle.

2026-04-13 10:35:01,783 [INFO] Graph API token acquired/refreshed.
2026-04-13 10:36:02,515 [INFO] Re-authenticating CRM session...
2026-04-13 10:46:12,919 [INFO] Found 1 pending item(s) to process.
2026-04-13 10:46:12,920 [INFO] Processing item 29: store=11830, DRS version='8.9.7 GENERAL (322)'
2026-04-13 10:46:13,575 [INFO] Item 29 status updated to 'Processing'.
2026-04-13 10:46:13,907 [INFO] Found CRM account: Malcolm, Chris (ID: 7f790935-264f-ed11-a5c4-005056ad6d42)
2026-04-13 10:46:13,907 [INFO] Resolved DRS version '8.9.7 GENERAL (322)' -> code 100000082
2026-04-13 10:46:14,055 [INFO] Store 11830 (Malcolm, Chris): DRS Version updated to '8.9.7 GENERAL (322)'.
2026-04-13 10:46:14,806 [INFO] Item 29 status updated to 'Success'.
2026-04-13 10:46:14,809 [INFO] Processed 1 DRS update(s) this cycle.

2026-04-13 11:06:29,973 [INFO] Re-authenticating CRM session...
2026-04-13 11:34:54,258 [INFO] Graph API token acquired/refreshed.
2026-04-13 11:36:56,059 [INFO] Re-authenticating CRM session...
2026-04-13 12:07:20,470 [INFO] Re-authenticating CRM session...
2026-04-13 12:34:43,975 [INFO] Graph API token acquired/refreshed.
2026-04-13 12:37:46,306 [INFO] Re-authenticating CRM session...
2026-04-13 13:08:11,211 [INFO] Re-authenticating CRM session...
2026-04-13 13:34:32,980 [INFO] Graph API token acquired/refreshed.
2026-04-13 13:38:35,699 [INFO] Re-authenticating CRM session...
2026-04-13 13:40:30,361 [INFO] ============================================================
2026-04-13 13:40:30,362 [INFO] Splunk DRS Update → CRM DRS Version Poller starting
2026-04-13 13:40:30,395 [INFO] Poll interval: 60s
2026-04-13 13:40:30,395 [INFO] SharePoint list: Splunk DRS Update
2026-04-13 13:40:30,395 [INFO] CRM DRS Version field: win_drsversion1
2026-04-13 13:40:30,395 [INFO] ============================================================
2026-04-13 13:40:32,072 [INFO] Graph API token acquired/refreshed.
2026-04-13 13:40:32,691 [INFO] SharePoint site ID: winmarkcorporation605.sharepoint.com,81debec3-de5e-4c0a-a2e4-a169accd7eff,0a7d98a5-36f6-4a7c-ba46-627aac1278ce
2026-04-13 13:40:33,248 [INFO] List 'Splunk DRS Update' ID: ecda4c02-0eba-4a80-907c-1863ef91991e
2026-04-13 13:40:33,250 [INFO] Fetching DRS Version option set from CRM field 'win_drsversion1'...
2026-04-13 13:40:33,510 [INFO] DRS Version options loaded: '8.9.7 general (322)' -> 100000082, '8.9.6 general (321)' -> 100000080, '8.9.5 general (308)' -> 100000071, '8.9.4 general (306)' -> 100000068, '8.9.3 general2 (304)' -> 100000065, '8.9.3 general (303)' -> 100000063, '8.9.2 preview1 (299)' -> 100000058, '8.9.2 general (299)' -> 100000059, '8.9.1 preview2 (297)' -> 100000056, '8.9.1 preview1 (296)' -> 100000055, '8.9.1 general (298)' -> 100000057, '8.9 preview2 (295)' -> 100000053, '8.9 preview1 (294)' -> 100000052, '8.9 general (295)' -> 100000054, '8.7.6 preview1 (288)' -> 100000050, '8.7.6 general (288)' -> 100000051, '8.7.5 preview2 (284)' -> 100000048, '8.7.5 preview1 (283)' -> 100000046, '8.7.5 general2 (284)' -> 100000049, '8.7.5 general (283)' -> 100000047, '8.7.4 preview2 (280)' -> 100000044, '8.7.4 preview1 (279)' -> 100000043, '8.7.4 general (280)' -> 100000045, '8.7.3 preview2 (277)' -> 100000042, '8.7.3 general (277)' -> 100000041, '8.7.2 preview1 (274)' -> 100000040, 'unused versions' -> 100000024, '8.7 preview2 (267)' -> 100000037, '8.7 preview1 (265)' -> 100000038, '8.7 general (267)' -> 100000039, '8.6 preview3 (260)' -> 100000036, '8.6 preview2 (259)' -> 100000034, '8.6 preview1 (258)' -> 100000032, '8.6 general (260)' -> 100000035, '8.5 preview5 (256)' -> 100000030, '8.5 preview4 (255)' -> 100000020, '8.5 preview3 (254)' -> 100001045, '8.5 preview2 (253)' -> 100000090, '8.5 preview1 (252)' -> 100001020, '8.5 general3 (256)' -> 100000025, '8.5 general2 (255)' -> 100000023, '8.5 general (254)' -> 100000578, '8.4 preview1 (250)' -> 100000018, '8.3a preview (246.1)' -> 100000010, '8.3a general (246.1)' -> 100000013, '8.3 preview4 (246)' -> 100000000, '8.3 preview3 (245)' -> 100000033, '8.3 preview2 (243)' -> 100000031, '8.3 preview2 (242)' -> 100000029, '8.3 preview1 (239)' -> 100000011, '8.3 general (246)' -> 100000003, '8.2 preview2 (234)' -> 100000005, '8.2 preview1 (233)' -> 100000004, '8.2 general (234)' -> 100000006, '8.1 preview3 (231)' -> 100000002, '8.0 preview4 (221)' -> 100000001, '7.3 preview2 (205)' -> 100000028, '7.3 preview1 (199)' -> 100000027, '7.2 preview7  (197)' -> 100000026, '6.8g' -> 100000007, '6.8f' -> 100000008, '6.8e' -> 100000009, '6.5d' -> 100000019, '6.5c' -> 100000017, '6.5b@hq' -> 100000016, '6.5b' -> 100000015, '6.5a' -> 100000014, '6.5' -> 100000012, 'rmsa' -> 100000021, 'other' -> 100000022, '8.9.3 preview1 (301)' -> 100000060, '8.9.3 preview2 (302)' -> 100000061, '8.9.3 preview3 (303)' -> 100000062, '8.9.3 preview4 (304)' -> 100000064, '8.9.4 preview1 (305)' -> 100000066, '8.9.4 preview2 (306)' -> 100000067, '8.9.5 preview1 (307)' -> 100000069, '8.9.5 preview2 (308)' -> 100000070, '8.9.6 preview1 (315)' -> 100000072, '8.9.6 preview2 (316)' -> 100000074, '8.9.6 preview3 (317)' -> 100000075, '8.9.6 preview4 (318)' -> 100000076, '9.0 preview1 (315a)' -> 100000073, '8.9.6 preview5 (319)' -> 100000077, '8.9.6 preview6 (320)' -> 100000078, '8.9.6 preview7 (321)' -> 100000079, '8.9.7 preview1 (322)' -> 100000081
2026-04-13 13:40:33,510 [INFO] Ready. Polling for pending items...

2026-04-13 13:52:09,492 [INFO] ============================================================
2026-04-13 13:52:09,492 [INFO] Splunk DRS Update → CRM DRS Version Poller starting
2026-04-13 13:52:09,494 [INFO] Poll interval: 60s
2026-04-13 13:52:09,495 [INFO] SharePoint list: Splunk DRS Update
2026-04-13 13:52:09,495 [INFO] CRM DRS Version field: win_drsversion1
2026-04-13 13:52:09,495 [INFO] ============================================================
2026-04-13 13:52:11,363 [INFO] Graph API token acquired/refreshed.
2026-04-13 13:52:12,008 [INFO] SharePoint site ID: winmarkcorporation605.sharepoint.com,81debec3-de5e-4c0a-a2e4-a169accd7eff,0a7d98a5-36f6-4a7c-ba46-627aac1278ce
2026-04-13 13:52:12,563 [INFO] List 'Splunk DRS Update' ID: ecda4c02-0eba-4a80-907c-1863ef91991e
2026-04-13 13:52:12,564 [INFO] Fetching DRS Version option set from CRM field 'win_drsversion1'...
2026-04-13 13:52:12,604 [INFO] DRS Version options loaded: '8.9.7 general (322)' -> 100000082, '8.9.6 general (321)' -> 100000080, '8.9.5 general (308)' -> 100000071, '8.9.4 general (306)' -> 100000068, '8.9.3 general2 (304)' -> 100000065, '8.9.3 general (303)' -> 100000063, '8.9.2 preview1 (299)' -> 100000058, '8.9.2 general (299)' -> 100000059, '8.9.1 preview2 (297)' -> 100000056, '8.9.1 preview1 (296)' -> 100000055, '8.9.1 general (298)' -> 100000057, '8.9 preview2 (295)' -> 100000053, '8.9 preview1 (294)' -> 100000052, '8.9 general (295)' -> 100000054, '8.7.6 preview1 (288)' -> 100000050, '8.7.6 general (288)' -> 100000051, '8.7.5 preview2 (284)' -> 100000048, '8.7.5 preview1 (283)' -> 100000046, '8.7.5 general2 (284)' -> 100000049, '8.7.5 general (283)' -> 100000047, '8.7.4 preview2 (280)' -> 100000044, '8.7.4 preview1 (279)' -> 100000043, '8.7.4 general (280)' -> 100000045, '8.7.3 preview2 (277)' -> 100000042, '8.7.3 general (277)' -> 100000041, '8.7.2 preview1 (274)' -> 100000040, 'unused versions' -> 100000024, '8.7 preview2 (267)' -> 100000037, '8.7 preview1 (265)' -> 100000038, '8.7 general (267)' -> 100000039, '8.6 preview3 (260)' -> 100000036, '8.6 preview2 (259)' -> 100000034, '8.6 preview1 (258)' -> 100000032, '8.6 general (260)' -> 100000035, '8.5 preview5 (256)' -> 100000030, '8.5 preview4 (255)' -> 100000020, '8.5 preview3 (254)' -> 100001045, '8.5 preview2 (253)' -> 100000090, '8.5 preview1 (252)' -> 100001020, '8.5 general3 (256)' -> 100000025, '8.5 general2 (255)' -> 100000023, '8.5 general (254)' -> 100000578, '8.4 preview1 (250)' -> 100000018, '8.3a preview (246.1)' -> 100000010, '8.3a general (246.1)' -> 100000013, '8.3 preview4 (246)' -> 100000000, '8.3 preview3 (245)' -> 100000033, '8.3 preview2 (243)' -> 100000031, '8.3 preview2 (242)' -> 100000029, '8.3 preview1 (239)' -> 100000011, '8.3 general (246)' -> 100000003, '8.2 preview2 (234)' -> 100000005, '8.2 preview1 (233)' -> 100000004, '8.2 general (234)' -> 100000006, '8.1 preview3 (231)' -> 100000002, '8.0 preview4 (221)' -> 100000001, '7.3 preview2 (205)' -> 100000028, '7.3 preview1 (199)' -> 100000027, '7.2 preview7  (197)' -> 100000026, '6.8g' -> 100000007, '6.8f' -> 100000008, '6.8e' -> 100000009, '6.5d' -> 100000019, '6.5c' -> 100000017, '6.5b@hq' -> 100000016, '6.5b' -> 100000015, '6.5a' -> 100000014, '6.5' -> 100000012, 'rmsa' -> 100000021, 'other' -> 100000022, '8.9.3 preview1 (301)' -> 100000060, '8.9.3 preview2 (302)' -> 100000061, '8.9.3 preview3 (303)' -> 100000062, '8.9.3 preview4 (304)' -> 100000064, '8.9.4 preview1 (305)' -> 100000066, '8.9.4 preview2 (306)' -> 100000067, '8.9.5 preview1 (307)' -> 100000069, '8.9.5 preview2 (308)' -> 100000070, '8.9.6 preview1 (315)' -> 100000072, '8.9.6 preview2 (316)' -> 100000074, '8.9.6 preview3 (317)' -> 100000075, '8.9.6 preview4 (318)' -> 100000076, '9.0 preview1 (315a)' -> 100000073, '8.9.6 preview5 (319)' -> 100000077, '8.9.6 preview6 (320)' -> 100000078, '8.9.6 preview7 (321)' -> 100000079, '8.9.7 preview1 (322)' -> 100000081
2026-04-13 13:52:12,604 [INFO] Ready. Polling for pending items...

2026-04-13 13:55:10,200 [INFO] ============================================================
2026-04-13 13:55:10,200 [INFO] Splunk DRS Update → CRM DRS Version Poller starting
2026-04-13 13:55:10,202 [INFO] Poll interval: 60s
2026-04-13 13:55:10,202 [INFO] SharePoint list: Splunk DRS Update
2026-04-13 13:55:10,202 [INFO] CRM DRS Version field: win_drsversion1
2026-04-13 13:55:10,202 [INFO] ============================================================
2026-04-13 13:55:11,866 [INFO] Graph API token acquired/refreshed.
2026-04-13 13:55:12,554 [INFO] SharePoint site ID: winmarkcorporation605.sharepoint.com,81debec3-de5e-4c0a-a2e4-a169accd7eff,0a7d98a5-36f6-4a7c-ba46-627aac1278ce
2026-04-13 13:55:13,065 [INFO] List 'Splunk DRS Update' ID: ecda4c02-0eba-4a80-907c-1863ef91991e
2026-04-13 13:55:13,066 [INFO] Fetching DRS Version option set from CRM field 'win_drsversion1'...
2026-04-13 13:55:13,104 [INFO] DRS Version options loaded: '8.9.7 general (322)' -> 100000082, '8.9.6 general (321)' -> 100000080, '8.9.5 general (308)' -> 100000071, '8.9.4 general (306)' -> 100000068, '8.9.3 general2 (304)' -> 100000065, '8.9.3 general (303)' -> 100000063, '8.9.2 preview1 (299)' -> 100000058, '8.9.2 general (299)' -> 100000059, '8.9.1 preview2 (297)' -> 100000056, '8.9.1 preview1 (296)' -> 100000055, '8.9.1 general (298)' -> 100000057, '8.9 preview2 (295)' -> 100000053, '8.9 preview1 (294)' -> 100000052, '8.9 general (295)' -> 100000054, '8.7.6 preview1 (288)' -> 100000050, '8.7.6 general (288)' -> 100000051, '8.7.5 preview2 (284)' -> 100000048, '8.7.5 preview1 (283)' -> 100000046, '8.7.5 general2 (284)' -> 100000049, '8.7.5 general (283)' -> 100000047, '8.7.4 preview2 (280)' -> 100000044, '8.7.4 preview1 (279)' -> 100000043, '8.7.4 general (280)' -> 100000045, '8.7.3 preview2 (277)' -> 100000042, '8.7.3 general (277)' -> 100000041, '8.7.2 preview1 (274)' -> 100000040, 'unused versions' -> 100000024, '8.7 preview2 (267)' -> 100000037, '8.7 preview1 (265)' -> 100000038, '8.7 general (267)' -> 100000039, '8.6 preview3 (260)' -> 100000036, '8.6 preview2 (259)' -> 100000034, '8.6 preview1 (258)' -> 100000032, '8.6 general (260)' -> 100000035, '8.5 preview5 (256)' -> 100000030, '8.5 preview4 (255)' -> 100000020, '8.5 preview3 (254)' -> 100001045, '8.5 preview2 (253)' -> 100000090, '8.5 preview1 (252)' -> 100001020, '8.5 general3 (256)' -> 100000025, '8.5 general2 (255)' -> 100000023, '8.5 general (254)' -> 100000578, '8.4 preview1 (250)' -> 100000018, '8.3a preview (246.1)' -> 100000010, '8.3a general (246.1)' -> 100000013, '8.3 preview4 (246)' -> 100000000, '8.3 preview3 (245)' -> 100000033, '8.3 preview2 (243)' -> 100000031, '8.3 preview2 (242)' -> 100000029, '8.3 preview1 (239)' -> 100000011, '8.3 general (246)' -> 100000003, '8.2 preview2 (234)' -> 100000005, '8.2 preview1 (233)' -> 100000004, '8.2 general (234)' -> 100000006, '8.1 preview3 (231)' -> 100000002, '8.0 preview4 (221)' -> 100000001, '7.3 preview2 (205)' -> 100000028, '7.3 preview1 (199)' -> 100000027, '7.2 preview7  (197)' -> 100000026, '6.8g' -> 100000007, '6.8f' -> 100000008, '6.8e' -> 100000009, '6.5d' -> 100000019, '6.5c' -> 100000017, '6.5b@hq' -> 100000016, '6.5b' -> 100000015, '6.5a' -> 100000014, '6.5' -> 100000012, 'rmsa' -> 100000021, 'other' -> 100000022, '8.9.3 preview1 (301)' -> 100000060, '8.9.3 preview2 (302)' -> 100000061, '8.9.3 preview3 (303)' -> 100000062, '8.9.3 preview4 (304)' -> 100000064, '8.9.4 preview1 (305)' -> 100000066, '8.9.4 preview2 (306)' -> 100000067, '8.9.5 preview1 (307)' -> 100000069, '8.9.5 preview2 (308)' -> 100000070, '8.9.6 preview1 (315)' -> 100000072, '8.9.6 preview2 (316)' -> 100000074, '8.9.6 preview3 (317)' -> 100000075, '8.9.6 preview4 (318)' -> 100000076, '9.0 preview1 (315a)' -> 100000073, '8.9.6 preview5 (319)' -> 100000077, '8.9.6 preview6 (320)' -> 100000078, '8.9.6 preview7 (321)' -> 100000079, '8.9.7 preview1 (322)' -> 100000081
2026-04-13 13:55:13,105 [INFO] Ready. Polling for pending items...

2026-04-13 14:25:34,584 [INFO] Re-authenticating CRM session...
2026-04-13 14:54:57,236 [INFO] Graph API token acquired/refreshed.
2026-04-13 14:55:57,879 [INFO] Re-authenticating CRM session...
2026-04-13 15:26:20,699 [INFO] Re-authenticating CRM session...
2026-04-13 15:39:16,518 [INFO] ============================================================
2026-04-13 15:39:16,518 [INFO] Splunk DRS Update → CRM DRS Version Poller starting
2026-04-13 15:39:16,520 [INFO] Poll interval: 60s
2026-04-13 15:39:16,520 [INFO] SharePoint list: Splunk DRS Update
2026-04-13 15:39:16,520 [INFO] CRM DRS Version field: win_drsversion1
2026-04-13 15:39:16,520 [INFO] ============================================================
2026-04-13 15:39:18,388 [INFO] Graph API token acquired/refreshed.
2026-04-13 15:39:19,117 [INFO] SharePoint site ID: winmarkcorporation605.sharepoint.com,81debec3-de5e-4c0a-a2e4-a169accd7eff,0a7d98a5-36f6-4a7c-ba46-627aac1278ce
2026-04-13 15:39:19,700 [INFO] List 'Splunk DRS Update' ID: ecda4c02-0eba-4a80-907c-1863ef91991e
2026-04-13 15:39:19,702 [INFO] Fetching DRS Version option set from CRM field 'win_drsversion1'...
2026-04-13 15:39:19,743 [INFO] DRS Version options loaded: '8.9.7 general (322)' -> 100000082, '8.9.6 general (321)' -> 100000080, '8.9.5 general (308)' -> 100000071, '8.9.4 general (306)' -> 100000068, '8.9.3 general2 (304)' -> 100000065, '8.9.3 general (303)' -> 100000063, '8.9.2 preview1 (299)' -> 100000058, '8.9.2 general (299)' -> 100000059, '8.9.1 preview2 (297)' -> 100000056, '8.9.1 preview1 (296)' -> 100000055, '8.9.1 general (298)' -> 100000057, '8.9 preview2 (295)' -> 100000053, '8.9 preview1 (294)' -> 100000052, '8.9 general (295)' -> 100000054, '8.7.6 preview1 (288)' -> 100000050, '8.7.6 general (288)' -> 100000051, '8.7.5 preview2 (284)' -> 100000048, '8.7.5 preview1 (283)' -> 100000046, '8.7.5 general2 (284)' -> 100000049, '8.7.5 general (283)' -> 100000047, '8.7.4 preview2 (280)' -> 100000044, '8.7.4 preview1 (279)' -> 100000043, '8.7.4 general (280)' -> 100000045, '8.7.3 preview2 (277)' -> 100000042, '8.7.3 general (277)' -> 100000041, '8.7.2 preview1 (274)' -> 100000040, 'unused versions' -> 100000024, '8.7 preview2 (267)' -> 100000037, '8.7 preview1 (265)' -> 100000038, '8.7 general (267)' -> 100000039, '8.6 preview3 (260)' -> 100000036, '8.6 preview2 (259)' -> 100000034, '8.6 preview1 (258)' -> 100000032, '8.6 general (260)' -> 100000035, '8.5 preview5 (256)' -> 100000030, '8.5 preview4 (255)' -> 100000020, '8.5 preview3 (254)' -> 100001045, '8.5 preview2 (253)' -> 100000090, '8.5 preview1 (252)' -> 100001020, '8.5 general3 (256)' -> 100000025, '8.5 general2 (255)' -> 100000023, '8.5 general (254)' -> 100000578, '8.4 preview1 (250)' -> 100000018, '8.3a preview (246.1)' -> 100000010, '8.3a general (246.1)' -> 100000013, '8.3 preview4 (246)' -> 100000000, '8.3 preview3 (245)' -> 100000033, '8.3 preview2 (243)' -> 100000031, '8.3 preview2 (242)' -> 100000029, '8.3 preview1 (239)' -> 100000011, '8.3 general (246)' -> 100000003, '8.2 preview2 (234)' -> 100000005, '8.2 preview1 (233)' -> 100000004, '8.2 general (234)' -> 100000006, '8.1 preview3 (231)' -> 100000002, '8.0 preview4 (221)' -> 100000001, '7.3 preview2 (205)' -> 100000028, '7.3 preview1 (199)' -> 100000027, '7.2 preview7  (197)' -> 100000026, '6.8g' -> 100000007, '6.8f' -> 100000008, '6.8e' -> 100000009, '6.5d' -> 100000019, '6.5c' -> 100000017, '6.5b@hq' -> 100000016, '6.5b' -> 100000015, '6.5a' -> 100000014, '6.5' -> 100000012, 'rmsa' -> 100000021, 'other' -> 100000022, '8.9.3 preview1 (301)' -> 100000060, '8.9.3 preview2 (302)' -> 100000061, '8.9.3 preview3 (303)' -> 100000062, '8.9.3 preview4 (304)' -> 100000064, '8.9.4 preview1 (305)' -> 100000066, '8.9.4 preview2 (306)' -> 100000067, '8.9.5 preview1 (307)' -> 100000069, '8.9.5 preview2 (308)' -> 100000070, '8.9.6 preview1 (315)' -> 100000072, '8.9.6 preview2 (316)' -> 100000074, '8.9.6 preview3 (317)' -> 100000075, '8.9.6 preview4 (318)' -> 100000076, '9.0 preview1 (315a)' -> 100000073, '8.9.6 preview5 (319)' -> 100000077, '8.9.6 preview6 (320)' -> 100000078, '8.9.6 preview7 (321)' -> 100000079, '8.9.7 preview1 (322)' -> 100000081
2026-04-13 15:39:19,743 [INFO] Ready. Polling for pending items...

2026-04-13 16:09:42,988 [INFO] Re-authenticating CRM session...
