2026-04-07 15:49:56,159 [INFO] Testing SharePoint connection...
2026-04-07 15:49:56,609 [INFO] Graph API token acquired/refreshed.
2026-04-07 16:02:36,423 [INFO] Testing SharePoint connection...
2026-04-07 16:02:36,967 [INFO] Graph API token acquired/refreshed.
2026-04-07 16:02:37,644 [INFO] SharePoint site ID: winmarkcorporation605.sharepoint.com,81debec3-de5e-4c0a-a2e4-a169accd7eff,0a7d98a5-36f6-4a7c-ba46-627aac1278ce
2026-04-07 16:02:38,181 [INFO] SharePoint list 'Store info' ID: b3b09ab3-003a-4d2f-9a89-367751e23776
2026-04-07 16:03:41,281 [INFO] Testing SharePoint connection...
2026-04-07 16:03:41,738 [INFO] Graph API token acquired/refreshed.
2026-04-07 16:03:42,257 [INFO] SharePoint site ID: winmarkcorporation605.sharepoint.com,81debec3-de5e-4c0a-a2e4-a169accd7eff,0a7d98a5-36f6-4a7c-ba46-627aac1278ce
2026-04-07 16:03:42,787 [INFO] SharePoint list 'Store info' ID: b3b09ab3-003a-4d2f-9a89-367751e23776
2026-04-07 16:03:43,443 [INFO] Connection OK. 0 approved item(s) found.
2026-04-07 16:03:43,443 [INFO] Testing CRM connection...
2026-04-07 16:03:44,733 [INFO] CRM connection OK.
2026-04-07 16:03:44,733 [INFO] All connections verified!
2026-04-07 16:05:14,617 [INFO] ============================================================
2026-04-07 16:05:14,617 [INFO] SharePoint → CRM Case Poller starting
2026-04-07 16:05:14,652 [INFO] Poll interval: 10s
2026-04-07 16:05:14,652 [INFO] SharePoint list: Store info
2026-04-07 16:05:14,652 [INFO] ============================================================
2026-04-07 16:05:16,368 [INFO] Graph API token acquired/refreshed.
2026-04-07 16:05:16,837 [INFO] SharePoint site ID: winmarkcorporation605.sharepoint.com,81debec3-de5e-4c0a-a2e4-a169accd7eff,0a7d98a5-36f6-4a7c-ba46-627aac1278ce
2026-04-07 16:05:17,399 [INFO] SharePoint list 'Store info' ID: b3b09ab3-003a-4d2f-9a89-367751e23776
2026-04-07 16:05:17,401 [INFO] Ready. Polling for approved items...

2026-04-07 16:07:37,779 [INFO] Found 1 approved item(s) to process.
2026-04-07 16:07:38,650 [INFO] Item 443 status updated to 'Processing'.
2026-04-07 16:07:38,652 [INFO] Creating case for store 20555...
2026-04-07 16:07:39,373 [ERROR] Failed to process item 443 (store 20555): Unknown case type 'POS Install'. Valid types: pos, other, unable to open drs, scanner, touch screen, cct/cde, internet issue, operational, report, technical, peripheral, general drs issue, third party, windows issue, topay, label, receipt, issues, drs messaging service, tango
2026-04-07 16:07:40,121 [ERROR] Could not update status for item 443
2026-04-07 16:08:12,555 [INFO] Found 1 approved item(s) to process.
2026-04-07 16:08:13,188 [INFO] Item 443 status updated to 'Processing'.
2026-04-07 16:08:13,189 [INFO] Creating case for store 20555...
2026-04-07 16:08:13,203 [ERROR] Failed to process item 443 (store 20555): Unknown case type 'POS Install'. Valid types: pos, other, unable to open drs, scanner, touch screen, cct/cde, internet issue, operational, report, technical, peripheral, general drs issue, third party, windows issue, topay, label, receipt, issues, drs messaging service, tango
2026-04-07 16:08:13,826 [ERROR] Could not update status for item 443
2026-04-07 16:10:00,769 [INFO] Found 1 approved item(s) to process.
2026-04-07 16:10:01,530 [INFO] Item 444 status updated to 'Processing'.
2026-04-07 16:10:01,531 [INFO] Creating case for store 21212...
2026-04-07 16:10:02,237 [INFO] Item 444 status updated to 'Processed'.
2026-04-07 16:10:02,238 [INFO] Case created for store 21212: dbdc8223-c632-f111-a60c-005056ad6d42
2026-04-07 16:10:02,238 [INFO] Processed 1 case(s) this cycle.

2026-04-07 16:11:54,048 [INFO] ============================================================
2026-04-07 16:11:54,048 [INFO] SharePoint -> CRM Case Poller starting
2026-04-07 16:11:54,048 [INFO] Poll interval: 10s
2026-04-07 16:11:54,048 [INFO] SharePoint list: Store info
2026-04-07 16:11:54,048 [INFO] ============================================================
2026-04-07 16:11:55,924 [INFO] Graph API token acquired/refreshed.
2026-04-07 16:11:56,821 [INFO] SharePoint site ID: winmarkcorporation605.sharepoint.com,81debec3-de5e-4c0a-a2e4-a169accd7eff,0a7d98a5-36f6-4a7c-ba46-627aac1278ce
2026-04-07 16:11:57,326 [INFO] SharePoint list 'Store info' ID: b3b09ab3-003a-4d2f-9a89-367751e23776
2026-04-07 16:11:57,327 [INFO] Ready. Polling for approved items...

2026-04-07 16:12:29,719 [INFO] Found 1 approved item(s) to process.
2026-04-07 16:12:30,389 [INFO] Item 444 status updated to 'Processing'.
2026-04-07 16:12:30,390 [INFO] Creating case for store 21212...
2026-04-07 16:12:31,204 [INFO] Item 444 status updated to 'Processed'.
2026-04-07 16:12:31,205 [INFO] Case created for store 21212: b8953b7c-c632-f111-a60c-005056ad6d42
2026-04-07 16:12:31,205 [INFO] Processed 1 case(s) this cycle.

2026-04-07 16:20:01,462 [INFO] ============================================================
2026-04-07 16:20:01,462 [INFO] SharePoint -> CRM Case Poller starting
2026-04-07 16:20:01,462 [INFO] Poll interval: 10s
2026-04-07 16:20:01,462 [INFO] SharePoint list: Store info
2026-04-07 16:20:01,462 [INFO] ============================================================
2026-04-07 16:20:02,957 [INFO] Graph API token acquired/refreshed.
2026-04-07 16:20:03,474 [INFO] SharePoint site ID: winmarkcorporation605.sharepoint.com,81debec3-de5e-4c0a-a2e4-a169accd7eff,0a7d98a5-36f6-4a7c-ba46-627aac1278ce
2026-04-07 16:20:03,941 [INFO] SharePoint list 'Store info' ID: b3b09ab3-003a-4d2f-9a89-367751e23776
2026-04-07 16:20:03,942 [INFO] Ready. Polling for approved items...

2026-04-07 16:23:22,830 [INFO] Found 1 approved item(s) to process.
2026-04-07 16:23:22,835 [INFO] Found 1 approved item(s) to process.
2026-04-07 16:23:23,719 [ERROR] Failed to process item 445 (store 80999): 503 Server Error: Service Unavailable for url: https://graph.microsoft.com/v1.0/sites/winmarkcorporation605.sharepoint.com,81debec3-de5e-4c0a-a2e4-a169accd7eff,0a7d98a5-36f6-4a7c-ba46-627aac1278ce/lists/b3b09ab3-003a-4d2f-9a89-367751e23776/items/445/fields
2026-04-07 16:23:23,781 [INFO] Item 445 status updated to 'Processing'.
2026-04-07 16:23:23,782 [INFO] Creating case for store 80999...
2026-04-07 16:23:24,344 [ERROR] Could not update status for item 445
2026-04-07 16:23:25,100 [INFO] Item 445 status updated to 'Processed'.
2026-04-07 16:23:25,101 [INFO] Case created for store 80999: f0f54bff-c732-f111-a60c-005056ad6d42
2026-04-07 16:23:25,102 [INFO] Processed 1 case(s) this cycle.

2026-04-07 16:26:27,178 [INFO] ============================================================
2026-04-07 16:26:27,178 [INFO] SharePoint -> CRM Case Poller starting
2026-04-07 16:26:27,178 [INFO] Poll interval: 10s
2026-04-07 16:26:27,178 [INFO] SharePoint list: Store info
2026-04-07 16:26:27,178 [INFO] ============================================================
2026-04-07 16:26:28,686 [INFO] Graph API token acquired/refreshed.
2026-04-07 16:26:29,172 [INFO] SharePoint site ID: winmarkcorporation605.sharepoint.com,81debec3-de5e-4c0a-a2e4-a169accd7eff,0a7d98a5-36f6-4a7c-ba46-627aac1278ce
2026-04-07 16:26:29,653 [INFO] SharePoint list 'Store info' ID: b3b09ab3-003a-4d2f-9a89-367751e23776
2026-04-07 16:26:29,654 [INFO] Ready. Polling for approved items...

2026-04-07 16:26:51,381 [INFO] Found 1 approved item(s) to process.
2026-04-07 16:26:51,962 [INFO] Item 444 status updated to 'Processing'.
2026-04-07 16:26:51,963 [INFO] Creating case for store 21212...
2026-04-07 16:26:52,789 [INFO] Item 444 status updated to 'Processed'.
2026-04-07 16:26:52,790 [INFO] Case created for store 21212: fd31c47d-c832-f111-a60c-005056ad6d42
2026-04-07 16:26:52,790 [INFO] Processed 1 case(s) this cycle.

2026-04-07 16:28:50,223 [INFO] ============================================================
2026-04-07 16:28:50,223 [INFO] SharePoint -> CRM Case Poller starting
2026-04-07 16:28:50,224 [INFO] Poll interval: 10s
2026-04-07 16:28:50,224 [INFO] SharePoint list: Store info
2026-04-07 16:28:50,224 [INFO] ============================================================
2026-04-07 16:28:51,833 [INFO] Graph API token acquired/refreshed.
2026-04-07 16:28:52,489 [INFO] SharePoint site ID: winmarkcorporation605.sharepoint.com,81debec3-de5e-4c0a-a2e4-a169accd7eff,0a7d98a5-36f6-4a7c-ba46-627aac1278ce
2026-04-07 16:28:53,047 [INFO] SharePoint list 'Store info' ID: b3b09ab3-003a-4d2f-9a89-367751e23776
2026-04-07 16:28:53,048 [INFO] Ready. Polling for approved items...

2026-04-07 16:29:13,633 [INFO] Found 1 approved item(s) to process.
2026-04-07 16:29:14,300 [INFO] Item 445 status updated to 'Processing'.
2026-04-07 16:29:14,301 [INFO] Creating case for store 80999...
2026-04-07 16:29:15,564 [INFO] Item 445 status updated to 'Processed'.
2026-04-07 16:29:15,565 [INFO] Case created for store 80999: 216cfad2-c832-f111-a60c-005056ad6d42
2026-04-07 16:29:15,566 [INFO] Processed 1 case(s) this cycle.

2026-04-07 16:32:42,437 [INFO] ============================================================
2026-04-07 16:32:42,437 [INFO] SharePoint -> CRM Case Poller starting
2026-04-07 16:32:42,437 [INFO] Poll interval: 10s
2026-04-07 16:32:42,437 [INFO] SharePoint list: Store info
2026-04-07 16:32:42,437 [INFO] ============================================================
2026-04-07 16:32:43,912 [INFO] Graph API token acquired/refreshed.
2026-04-07 16:32:44,541 [INFO] SharePoint site ID: winmarkcorporation605.sharepoint.com,81debec3-de5e-4c0a-a2e4-a169accd7eff,0a7d98a5-36f6-4a7c-ba46-627aac1278ce
2026-04-07 16:32:45,143 [INFO] SharePoint list 'Store info' ID: b3b09ab3-003a-4d2f-9a89-367751e23776
2026-04-07 16:32:45,144 [INFO] Ready. Polling for approved items...

2026-04-07 16:34:33,935 [INFO] Found 1 approved item(s) to process.
2026-04-07 16:34:34,649 [INFO] Item 446 status updated to 'Processing'.
2026-04-07 16:34:34,651 [INFO] Creating case for store 10242...
2026-04-07 16:34:35,926 [INFO] Item 446 status updated to 'Processed'.
2026-04-07 16:34:35,927 [INFO] Case created for store 10242: 7659dc91-c932-f111-a60c-005056ad6d42
2026-04-07 16:34:35,927 [INFO] Processed 1 case(s) this cycle.

2026-04-07 16:35:17,913 [INFO] Re-authenticating CRM session...
2026-04-07 16:39:25,111 [INFO] ============================================================
2026-04-07 16:39:25,111 [INFO] SharePoint -> CRM Case Poller starting
2026-04-07 16:39:25,111 [INFO] Poll interval: 10s
2026-04-07 16:39:25,111 [INFO] SharePoint list: Store info
2026-04-07 16:39:25,111 [INFO] ============================================================
2026-04-07 16:39:26,615 [INFO] Graph API token acquired/refreshed.
2026-04-07 16:39:27,107 [INFO] SharePoint site ID: winmarkcorporation605.sharepoint.com,81debec3-de5e-4c0a-a2e4-a169accd7eff,0a7d98a5-36f6-4a7c-ba46-627aac1278ce
2026-04-07 16:39:27,617 [INFO] SharePoint list 'Store info' ID: b3b09ab3-003a-4d2f-9a89-367751e23776
2026-04-07 16:39:27,619 [INFO] Ready. Polling for approved items...

2026-04-07 16:39:38,867 [INFO] Found 1 approved item(s) to process.
2026-04-07 16:39:39,434 [INFO] Item 446 status updated to 'Processing'.
2026-04-07 16:39:39,435 [INFO] Creating case for store 10242...
2026-04-07 16:39:39,435 [INFO]   Params: contact=Mark, phone=512-444-2270, subject=Software Issue, case_type=General DRS issue
2026-04-07 16:39:40,114 [INFO] Item 446 status updated to 'Processed'.
2026-04-07 16:39:40,115 [INFO] Case created for store 10242: e68f3647-ca32-f111-a60c-005056ad6d42
2026-04-07 16:39:40,115 [INFO] Processed 1 case(s) this cycle.

2026-04-07 16:41:57,816 [INFO] Re-authenticating CRM session...
2026-04-07 16:45:50,281 [INFO] Found 1 approved item(s) to process.
2026-04-07 16:45:50,864 [INFO] Item 447 status updated to 'Processing'.
2026-04-07 16:45:50,865 [INFO] Creating case for store 80040...
2026-04-07 16:45:50,865 [INFO]   Params: contact=Paige, phone=937-427-5224, subject=Software Issue, case_type=Other
2026-04-07 16:45:51,881 [INFO] Item 447 status updated to 'Processed'.
2026-04-07 16:45:51,882 [INFO] Case created for store 80040: a4b1ce24-cb32-f111-a60c-005056ad6d42
2026-04-07 16:45:51,882 [INFO] Processed 1 case(s) this cycle.

